2024-11-15 16:02:38,950 - werkzeug - INFO - [31m[1mWARNING: This is a development server. Do not use it in a production deployment. Use a production WSGI server instead.[0m
 * Running on http://127.0.0.1:5000
2024-11-15 16:02:38,950 - werkzeug - INFO - [33mPress CTRL+C to quit[0m
2024-11-15 16:02:38,951 - werkzeug - INFO -  * Restarting with stat
2024-11-15 16:02:39,246 - werkzeug - WARNING -  * Debugger is active!
2024-11-15 16:02:39,256 - werkzeug - INFO -  * Debugger PIN: 981-239-810
2024-11-15 16:03:10,504 - werkzeug - INFO - 127.0.0.1 - - [15/Nov/2024 16:03:10] "GET / HTTP/1.1" 200 -
2024-11-15 16:03:10,769 - werkzeug - INFO - 127.0.0.1 - - [15/Nov/2024 16:03:10] "[33mGET /favicon.ico HTTP/1.1[0m" 404 -
2024-11-16 16:52:24,041 - werkzeug - INFO - [31m[1mWARNING: This is a development server. Do not use it in a production deployment. Use a production WSGI server instead.[0m
 * Running on all addresses (0.0.0.0)
 * Running on http://127.0.0.1:8000
 * Running on http://192.168.1.66:8000
2024-11-16 16:52:24,041 - werkzeug - INFO - [33mPress CTRL+C to quit[0m
2024-11-16 16:52:24,042 - werkzeug - INFO -  * Restarting with stat
2024-11-16 16:52:24,325 - werkzeug - WARNING -  * Debugger is active!
2024-11-16 16:52:24,332 - werkzeug - INFO -  * Debugger PIN: 981-239-810
2024-11-16 16:53:46,021 - werkzeug - INFO - [31m[1mWARNING: This is a development server. Do not use it in a production deployment. Use a production WSGI server instead.[0m
 * Running on http://127.0.0.1:5000
2024-11-16 16:53:46,021 - werkzeug - INFO - [33mPress CTRL+C to quit[0m
2024-11-16 16:53:46,022 - werkzeug - INFO -  * Restarting with stat
2024-11-16 16:53:46,318 - werkzeug - WARNING -  * Debugger is active!
2024-11-16 16:53:46,322 - werkzeug - INFO -  * Debugger PIN: 981-239-810
2024-11-16 16:58:51,922 - werkzeug - INFO -  * Detected change in '/Users/justinwitcoff/Test/136775783/my-project/app.py', reloading
2024-11-16 16:58:51,966 - werkzeug - INFO -  * Restarting with stat
2024-11-16 16:58:52,394 - werkzeug - WARNING -  * Debugger is active!
2024-11-16 16:58:52,400 - werkzeug - INFO -  * Debugger PIN: 981-239-810
2024-11-16 16:59:49,222 - werkzeug - INFO -  * Detected change in '/Users/justinwitcoff/Test/136775783/my-project/app.py', reloading
2024-11-16 16:59:49,274 - werkzeug - INFO -  * Restarting with stat
2024-11-16 16:59:49,682 - werkzeug - WARNING -  * Debugger is active!
2024-11-16 16:59:49,686 - werkzeug - INFO -  * Debugger PIN: 981-239-810
2024-11-16 16:59:51,722 - werkzeug - INFO -  * Detected change in '/Users/justinwitcoff/Test/136775783/my-project/app.py', reloading
2024-11-16 16:59:51,766 - werkzeug - INFO -  * Restarting with stat
2024-11-16 16:59:52,084 - werkzeug - WARNING -  * Debugger is active!
2024-11-16 16:59:52,088 - werkzeug - INFO -  * Debugger PIN: 981-239-810
2024-11-16 17:06:40,321 - werkzeug - INFO - [31m[1mWARNING: This is a development server. Do not use it in a production deployment. Use a production WSGI server instead.[0m
 * Running on http://127.0.0.1:5000
2024-11-16 17:06:40,321 - werkzeug - INFO - [33mPress CTRL+C to quit[0m
2024-11-16 17:06:40,322 - werkzeug - INFO -  * Restarting with stat
2024-11-16 17:06:40,618 - werkzeug - WARNING -  * Debugger is active!
2024-11-16 17:06:40,623 - werkzeug - INFO -  * Debugger PIN: 981-239-810
2024-11-16 17:11:32,545 - werkzeug - INFO -  * Detected change in '/Users/justinwitcoff/Test/136775783/my-project/src/core/order.py', reloading
2024-11-16 17:11:32,597 - werkzeug - INFO -  * Restarting with stat
2024-11-16 17:11:33,019 - werkzeug - WARNING -  * Debugger is active!
2024-11-16 17:11:33,024 - werkzeug - INFO -  * Debugger PIN: 981-239-810
